<?xml version="1.0" encoding="UTF-8"?>
<!-- Generated by org.testng.reporters.JUnitReportReporter -->
<testsuite hostname="DESKTOP-8SJFQJ0" failures="0" tests="4" name="com.testNG.E_UseSelenium" time="40.159" errors="0" timestamp="2023-01-22T16:54:18 IST" skipped="0">
  <testcase classname="com.testNG.E_UseSelenium" name="openinta" time="6.696"/>
  <system-out/>
  <testcase classname="com.testNG.E_UseSelenium" name="openGoogle" time="8.788"/>
  <system-out/>
  <testcase classname="com.testNG.E_UseSelenium" name="openFacebook" time="13.930"/>
  <system-out/>
  <testcase classname="com.testNG.E_UseSelenium" name="openTestleaf" time="10.745"/>
  <system-out/>
</testsuite> <!-- com.testNG.E_UseSelenium -->
